2013/08/17 10:25:54 [error] [php] date(): It is not safe to rely on the system's timezone settings. You are *required* to use the date.timezone setting or the date_default_timezone_set() function. In case you used any of those methods and you are still getting this warning, you most likely misspelled the timezone identifier. We selected the timezone 'UTC' for now, but please set date.timezone to select your timezone. (F:\php\workspace\mianshi8\demos\test\protected\views\layouts\main.php:51)
Stack trace:
#0 F:\php\workspace\mianshi8\framework\web\CBaseController.php(95): SiteController->renderInternal()
#1 F:\php\workspace\mianshi8\framework\web\widgets\CContentDecorator.php(76): SiteController->renderFile()
#2 F:\php\workspace\mianshi8\framework\web\widgets\CContentDecorator.php(54): CContentDecorator->decorate()
#3 F:\php\workspace\mianshi8\framework\web\widgets\COutputProcessor.php(44): CContentDecorator->processOutput()
#4 F:\php\workspace\mianshi8\framework\web\CBaseController.php(206): CContentDecorator->run()
#5 F:\php\workspace\mianshi8\framework\web\CBaseController.php(300): SiteController->endWidget()
#6 F:\php\workspace\mianshi8\demos\test\protected\views\layouts\column1.php(6): SiteController->endContent()
#7 F:\php\workspace\mianshi8\framework\web\CBaseController.php(126): require()
#8 F:\php\workspace\mianshi8\framework\web\CBaseController.php(95): SiteController->renderInternal()
#9 F:\php\workspace\mianshi8\framework\web\CController.php(784): SiteController->renderFile()
#10 F:\php\workspace\mianshi8\demos\test\protected\controllers\SiteController.php(32): SiteController->render()
#11 F:\php\workspace\mianshi8\framework\web\actions\CInlineAction.php(49): SiteController->actionIndex()
#12 F:\php\workspace\mianshi8\framework\web\CController.php(308): CInlineAction->runWithParams()
#13 F:\php\workspace\mianshi8\framework\web\CController.php(286): SiteController->runAction()
#14 F:\php\workspace\mianshi8\framework\web\CController.php(265): SiteController->runActionWithFilters()
#15 F:\php\workspace\mianshi8\framework\web\CWebApplication.php(282): SiteController->run()
#16 F:\php\workspace\mianshi8\framework\web\CWebApplication.php(141): CWebApplication->runController()
#17 F:\php\workspace\mianshi8\framework\base\CApplication.php(169): CWebApplication->processRequest()
#18 F:\php\workspace\mianshi8\demos\test\index.php(13): CWebApplication->run()
REQUEST_URI=/mianshi8/demos/test/
in F:\php\workspace\mianshi8\demos\test\protected\views\layouts\main.php (51)
in F:\php\workspace\mianshi8\demos\test\protected\views\layouts\column1.php (6)
in F:\php\workspace\mianshi8\demos\test\protected\controllers\SiteController.php (32)
2013/08/17 19:26:09 [error] [exception.CHttpException.404] exception 'CHttpException' with message 'The system is unable to find the requested action "user".' in F:\php\workspace\mianshi8\framework\web\CController.php:483
Stack trace:
#0 F:\php\workspace\mianshi8\framework\web\CController.php(270): CController->missingAction('user')
#1 F:\php\workspace\mianshi8\framework\web\CWebApplication.php(282): CController->run('user')
#2 F:\php\workspace\mianshi8\framework\web\CWebApplication.php(141): CWebApplication->runController('site/user')
#3 F:\php\workspace\mianshi8\framework\base\CApplication.php(169): CWebApplication->processRequest()
#4 F:\php\workspace\mianshi8\demos\test\index.php(13): CApplication->run()
#5 {main}
REQUEST_URI=/mianshi8/demos/test/index.php?r=site/user
---
2013/10/12 13:11:46 [error] [exception.CDbException] exception 'CDbException' with message 'CDbConnection failed to open the DB connection: SQLSTATE[28000] [1045] Access denied for user 'root'@'localhost' (using password: YES)' in D:\APMServ5.2.6\www\htdocs\ms8\ms8\framework\db\CDbConnection.php:381
Stack trace:
#0 D:\APMServ5.2.6\www\htdocs\ms8\ms8\framework\db\CDbConnection.php(330): CDbConnection->open()
#1 D:\APMServ5.2.6\www\htdocs\ms8\ms8\framework\db\CDbConnection.php(308): CDbConnection->setActive(true)
#2 D:\APMServ5.2.6\www\htdocs\ms8\ms8\framework\base\CModule.php(387): CDbConnection->init()
#3 D:\APMServ5.2.6\www\htdocs\ms8\ms8\framework\base\CModule.php(103): CModule->getComponent('db')
#4 D:\APMServ5.2.6\www\htdocs\ms8\ms8\protected\components\PrepareManagement.php(14): CModule->__get('db')
#5 D:\APMServ5.2.6\www\htdocs\ms8\ms8\protected\controllers\SiteController.php(35): PrepareManagement->getLatestPrepare()
#6 D:\APMServ5.2.6\www\htdocs\ms8\ms8\framework\web\actions\CInlineAction.php(49): SiteController->actionIndex()
#7 D:\APMServ5.2.6\www\htdocs\ms8\ms8\framework\web\CController.php(308): CInlineAction->runWithParams(Array)
#8 D:\APMServ5.2.6\www\htdocs\ms8\ms8\framework\web\CController.php(286): CController->runAction(Object(CInlineAction))
#9 D:\APMServ5.2.6\www\htdocs\ms8\ms8\framework\web\CController.php(265): CController->runActionWithFilters(Object(CInlineAction), Array)
#10 D:\APMServ5.2.6\www\htdocs\ms8\ms8\framework\web\CWebApplication.php(282): CController->run('')
#11 D:\APMServ5.2.6\www\htdocs\ms8\ms8\framework\web\CWebApplication.php(141): CWebApplication->runController('')
#12 D:\APMServ5.2.6\www\htdocs\ms8\ms8\framework\base\CApplication.php(169): CWebApplication->processRequest()
#13 D:\APMServ5.2.6\www\htdocs\ms8\ms8\index.php(12): CApplication->run()
#14 {main}
REQUEST_URI=/ms8/ms8/
---
2013/10/12 13:15:45 [error] [exception.CDbException] exception 'CDbException' with message 'CDbConnection failed to open the DB connection: SQLSTATE[28000] [1045] Access denied for user 'root'@'localhost' (using password: YES)' in D:\APMServ5.2.6\www\htdocs\ms8\ms8\framework\db\CDbConnection.php:381
Stack trace:
#0 D:\APMServ5.2.6\www\htdocs\ms8\ms8\framework\db\CDbConnection.php(330): CDbConnection->open()
#1 D:\APMServ5.2.6\www\htdocs\ms8\ms8\framework\db\CDbConnection.php(308): CDbConnection->setActive(true)
#2 D:\APMServ5.2.6\www\htdocs\ms8\ms8\framework\base\CModule.php(387): CDbConnection->init()
#3 D:\APMServ5.2.6\www\htdocs\ms8\ms8\framework\base\CModule.php(103): CModule->getComponent('db')
#4 D:\APMServ5.2.6\www\htdocs\ms8\ms8\protected\components\PrepareManagement.php(14): CModule->__get('db')
#5 D:\APMServ5.2.6\www\htdocs\ms8\ms8\protected\controllers\SiteController.php(35): PrepareManagement->getLatestPrepare()
#6 D:\APMServ5.2.6\www\htdocs\ms8\ms8\framework\web\actions\CInlineAction.php(49): SiteController->actionIndex()
#7 D:\APMServ5.2.6\www\htdocs\ms8\ms8\framework\web\CController.php(308): CInlineAction->runWithParams(Array)
#8 D:\APMServ5.2.6\www\htdocs\ms8\ms8\framework\web\CController.php(286): CController->runAction(Object(CInlineAction))
#9 D:\APMServ5.2.6\www\htdocs\ms8\ms8\framework\web\CController.php(265): CController->runActionWithFilters(Object(CInlineAction), Array)
#10 D:\APMServ5.2.6\www\htdocs\ms8\ms8\framework\web\CWebApplication.php(282): CController->run('')
#11 D:\APMServ5.2.6\www\htdocs\ms8\ms8\framework\web\CWebApplication.php(141): CWebApplication->runController('')
#12 D:\APMServ5.2.6\www\htdocs\ms8\ms8\framework\base\CApplication.php(169): CWebApplication->processRequest()
#13 D:\APMServ5.2.6\www\htdocs\ms8\ms8\index.php(12): CApplication->run()
#14 {main}
REQUEST_URI=/ms8/ms8/
---
2013/10/12 13:18:13 [error] [exception.CDbException] exception 'CDbException' with message 'CDbConnection failed to open the DB connection: SQLSTATE[28000] [1045] Access denied for user 'root'@'localhost' (using password: YES)' in D:\APMServ5.2.6\www\htdocs\ms8\ms8\framework\db\CDbConnection.php:381
Stack trace:
#0 D:\APMServ5.2.6\www\htdocs\ms8\ms8\framework\db\CDbConnection.php(330): CDbConnection->open()
#1 D:\APMServ5.2.6\www\htdocs\ms8\ms8\framework\db\CDbConnection.php(308): CDbConnection->setActive(true)
#2 D:\APMServ5.2.6\www\htdocs\ms8\ms8\framework\base\CModule.php(387): CDbConnection->init()
#3 D:\APMServ5.2.6\www\htdocs\ms8\ms8\framework\base\CModule.php(103): CModule->getComponent('db')
#4 D:\APMServ5.2.6\www\htdocs\ms8\ms8\protected\components\PrepareManagement.php(14): CModule->__get('db')
#5 D:\APMServ5.2.6\www\htdocs\ms8\ms8\protected\controllers\SiteController.php(35): PrepareManagement->getLatestPrepare()
#6 D:\APMServ5.2.6\www\htdocs\ms8\ms8\framework\web\actions\CInlineAction.php(49): SiteController->actionIndex()
#7 D:\APMServ5.2.6\www\htdocs\ms8\ms8\framework\web\CController.php(308): CInlineAction->runWithParams(Array)
#8 D:\APMServ5.2.6\www\htdocs\ms8\ms8\framework\web\CController.php(286): CController->runAction(Object(CInlineAction))
#9 D:\APMServ5.2.6\www\htdocs\ms8\ms8\framework\web\CController.php(265): CController->runActionWithFilters(Object(CInlineAction), Array)
#10 D:\APMServ5.2.6\www\htdocs\ms8\ms8\framework\web\CWebApplication.php(282): CController->run('')
#11 D:\APMServ5.2.6\www\htdocs\ms8\ms8\framework\web\CWebApplication.php(141): CWebApplication->runController('')
#12 D:\APMServ5.2.6\www\htdocs\ms8\ms8\framework\base\CApplication.php(169): CWebApplication->processRequest()
#13 D:\APMServ5.2.6\www\htdocs\ms8\ms8\index.php(12): CApplication->run()
#14 {main}
REQUEST_URI=/ms8/ms8/
---
2013/10/12 13:20:51 [error] [exception.CDbException] exception 'CDbException' with message 'CDbConnection failed to open the DB connection: SQLSTATE[42000] [1049] Unknown database 'ms8'' in D:\APMServ5.2.6\www\htdocs\ms8\ms8\framework\db\CDbConnection.php:381
Stack trace:
#0 D:\APMServ5.2.6\www\htdocs\ms8\ms8\framework\db\CDbConnection.php(330): CDbConnection->open()
#1 D:\APMServ5.2.6\www\htdocs\ms8\ms8\framework\db\CDbConnection.php(308): CDbConnection->setActive(true)
#2 D:\APMServ5.2.6\www\htdocs\ms8\ms8\framework\base\CModule.php(387): CDbConnection->init()
#3 D:\APMServ5.2.6\www\htdocs\ms8\ms8\framework\base\CModule.php(103): CModule->getComponent('db')
#4 D:\APMServ5.2.6\www\htdocs\ms8\ms8\protected\components\PrepareManagement.php(14): CModule->__get('db')
#5 D:\APMServ5.2.6\www\htdocs\ms8\ms8\protected\controllers\SiteController.php(35): PrepareManagement->getLatestPrepare()
#6 D:\APMServ5.2.6\www\htdocs\ms8\ms8\framework\web\actions\CInlineAction.php(49): SiteController->actionIndex()
#7 D:\APMServ5.2.6\www\htdocs\ms8\ms8\framework\web\CController.php(308): CInlineAction->runWithParams(Array)
#8 D:\APMServ5.2.6\www\htdocs\ms8\ms8\framework\web\CController.php(286): CController->runAction(Object(CInlineAction))
#9 D:\APMServ5.2.6\www\htdocs\ms8\ms8\framework\web\CController.php(265): CController->runActionWithFilters(Object(CInlineAction), Array)
#10 D:\APMServ5.2.6\www\htdocs\ms8\ms8\framework\web\CWebApplication.php(282): CController->run('')
#11 D:\APMServ5.2.6\www\htdocs\ms8\ms8\framework\web\CWebApplication.php(141): CWebApplication->runController('')
#12 D:\APMServ5.2.6\www\htdocs\ms8\ms8\framework\base\CApplication.php(169): CWebApplication->processRequest()
#13 D:\APMServ5.2.6\www\htdocs\ms8\ms8\index.php(12): CApplication->run()
#14 {main}
REQUEST_URI=/ms8/ms8/
---
2013/10/12 13:32:18 [error] [system.db.CDbCommand] CDbCommand::fetchAll() failed: SQLSTATE[42S22]: Column not found: 1054 Unknown column 'username' in 'field list'. The SQL statement executed was: SELECT prepareID, prepare.userID, username, pic,companyName,position,from_unixtime(prepare.time) time
FROM `prepare`, `user`
WHERE prepare.userID=user.userID
ORDER BY `prepare`.`time` DESC LIMIT 10.
in D:\APMServ5.2.6\www\htdocs\ms8\ms8\protected\components\PrepareManagement.php (20)
in D:\APMServ5.2.6\www\htdocs\ms8\ms8\protected\controllers\SiteController.php (35)
in D:\APMServ5.2.6\www\htdocs\ms8\ms8\index.php (12)
2013/10/12 13:32:18 [error] [exception.CDbException] exception 'CDbException' with message 'CDbCommand 无法执行 SQL 语句: SQLSTATE[42S22]: Column not found: 1054 Unknown column 'username' in 'field list'. The SQL statement executed was: SELECT prepareID, prepare.userID, username, pic,companyName,position,from_unixtime(prepare.time) time
FROM `prepare`, `user`
WHERE prepare.userID=user.userID
ORDER BY `prepare`.`time` DESC LIMIT 10' in D:\APMServ5.2.6\www\htdocs\ms8\ms8\framework\db\CDbCommand.php:541
Stack trace:
#0 D:\APMServ5.2.6\www\htdocs\ms8\ms8\framework\db\CDbCommand.php(395): CDbCommand->queryInternal('fetchAll', Array, Array)
#1 D:\APMServ5.2.6\www\htdocs\ms8\ms8\protected\components\PrepareManagement.php(20): CDbCommand->queryAll()
#2 D:\APMServ5.2.6\www\htdocs\ms8\ms8\protected\controllers\SiteController.php(35): PrepareManagement->getLatestPrepare()
#3 D:\APMServ5.2.6\www\htdocs\ms8\ms8\framework\web\actions\CInlineAction.php(49): SiteController->actionIndex()
#4 D:\APMServ5.2.6\www\htdocs\ms8\ms8\framework\web\CController.php(308): CInlineAction->runWithParams(Array)
#5 D:\APMServ5.2.6\www\htdocs\ms8\ms8\framework\web\CController.php(286): CController->runAction(Object(CInlineAction))
#6 D:\APMServ5.2.6\www\htdocs\ms8\ms8\framework\web\CController.php(265): CController->runActionWithFilters(Object(CInlineAction), Array)
#7 D:\APMServ5.2.6\www\htdocs\ms8\ms8\framework\web\CWebApplication.php(282): CController->run('')
#8 D:\APMServ5.2.6\www\htdocs\ms8\ms8\framework\web\CWebApplication.php(141): CWebApplication->runController('')
#9 D:\APMServ5.2.6\www\htdocs\ms8\ms8\framework\base\CApplication.php(169): CWebApplication->processRequest()
#10 D:\APMServ5.2.6\www\htdocs\ms8\ms8\index.php(12): CApplication->run()
#11 {main}
REQUEST_URI=/ms8/ms8/
---
2013/10/12 13:35:07 [error] [php] array_slice() expects parameter 1 to be array, null given (D:\APMServ5.2.6\www\htdocs\ms8\ms8\framework\web\CArrayDataProvider.php:92)
Stack trace:
#0 D:\APMServ5.2.6\www\htdocs\ms8\ms8\framework\zii\widgets\CBaseListView.php(107): CArrayDataProvider->getData()
#1 D:\APMServ5.2.6\www\htdocs\ms8\ms8\framework\zii\widgets\CListView.php(203): CListView->init()
#2 D:\APMServ5.2.6\www\htdocs\ms8\ms8\framework\web\CBaseController.php(147): CListView->init()
#3 D:\APMServ5.2.6\www\htdocs\ms8\ms8\framework\web\CBaseController.php(172): SiteController->createWidget()
#4 D:\APMServ5.2.6\www\htdocs\ms8\ms8\protected\views\site\index.php(89): SiteController->widget()
#5 D:\APMServ5.2.6\www\htdocs\ms8\ms8\framework\web\CBaseController.php(126): require()
#6 D:\APMServ5.2.6\www\htdocs\ms8\ms8\framework\web\CBaseController.php(95): SiteController->renderInternal()
#7 D:\APMServ5.2.6\www\htdocs\ms8\ms8\framework\web\CController.php(869): SiteController->renderFile()
#8 D:\APMServ5.2.6\www\htdocs\ms8\ms8\framework\web\CController.php(782): SiteController->renderPartial()
#9 D:\APMServ5.2.6\www\htdocs\ms8\ms8\protected\controllers\SiteController.php(41): SiteController->render()
#10 D:\APMServ5.2.6\www\htdocs\ms8\ms8\framework\web\actions\CInlineAction.php(49): SiteController->actionIndex()
#11 D:\APMServ5.2.6\www\htdocs\ms8\ms8\framework\web\CController.php(308): CInlineAction->runWithParams()
#12 D:\APMServ5.2.6\www\htdocs\ms8\ms8\framework\web\CController.php(286): SiteController->runAction()
#13 D:\APMServ5.2.6\www\htdocs\ms8\ms8\framework\web\CController.php(265): SiteController->runActionWithFilters()
#14 D:\APMServ5.2.6\www\htdocs\ms8\ms8\framework\web\CWebApplication.php(282): SiteController->run()
#15 D:\APMServ5.2.6\www\htdocs\ms8\ms8\framework\web\CWebApplication.php(141): CWebApplication->runController()
#16 D:\APMServ5.2.6\www\htdocs\ms8\ms8\framework\base\CApplication.php(169): CWebApplication->processRequest()
#17 D:\APMServ5.2.6\www\htdocs\ms8\ms8\index.php(12): CWebApplication->run()
REQUEST_URI=/ms8/ms8/
in D:\APMServ5.2.6\www\htdocs\ms8\ms8\protected\views\site\index.php (89)
in D:\APMServ5.2.6\www\htdocs\ms8\ms8\protected\controllers\SiteController.php (41)
in D:\APMServ5.2.6\www\htdocs\ms8\ms8\index.php (12)
2013/10/12 13:45:33 [error] [php] array_slice() expects parameter 1 to be array, null given (D:\APMServ5.2.6\www\htdocs\ms8\ms8\framework\web\CArrayDataProvider.php:92)
Stack trace:
#0 D:\APMServ5.2.6\www\htdocs\ms8\ms8\framework\zii\widgets\CBaseListView.php(107): CArrayDataProvider->getData()
#1 D:\APMServ5.2.6\www\htdocs\ms8\ms8\framework\zii\widgets\CListView.php(203): CListView->init()
#2 D:\APMServ5.2.6\www\htdocs\ms8\ms8\framework\web\CBaseController.php(147): CListView->init()
#3 D:\APMServ5.2.6\www\htdocs\ms8\ms8\framework\web\CBaseController.php(172): SiteController->createWidget()
#4 D:\APMServ5.2.6\www\htdocs\ms8\ms8\protected\views\site\index.php(89): SiteController->widget()
#5 D:\APMServ5.2.6\www\htdocs\ms8\ms8\framework\web\CBaseController.php(126): require()
#6 D:\APMServ5.2.6\www\htdocs\ms8\ms8\framework\web\CBaseController.php(95): SiteController->renderInternal()
#7 D:\APMServ5.2.6\www\htdocs\ms8\ms8\framework\web\CController.php(869): SiteController->renderFile()
#8 D:\APMServ5.2.6\www\htdocs\ms8\ms8\framework\web\CController.php(782): SiteController->renderPartial()
#9 D:\APMServ5.2.6\www\htdocs\ms8\ms8\protected\controllers\SiteController.php(41): SiteController->render()
#10 D:\APMServ5.2.6\www\htdocs\ms8\ms8\framework\web\actions\CInlineAction.php(49): SiteController->actionIndex()
#11 D:\APMServ5.2.6\www\htdocs\ms8\ms8\framework\web\CController.php(308): CInlineAction->runWithParams()
#12 D:\APMServ5.2.6\www\htdocs\ms8\ms8\framework\web\CController.php(286): SiteController->runAction()
#13 D:\APMServ5.2.6\www\htdocs\ms8\ms8\framework\web\CController.php(265): SiteController->runActionWithFilters()
#14 D:\APMServ5.2.6\www\htdocs\ms8\ms8\framework\web\CWebApplication.php(282): SiteController->run()
#15 D:\APMServ5.2.6\www\htdocs\ms8\ms8\framework\web\CWebApplication.php(141): CWebApplication->runController()
#16 D:\APMServ5.2.6\www\htdocs\ms8\ms8\framework\base\CApplication.php(169): CWebApplication->processRequest()
#17 D:\APMServ5.2.6\www\htdocs\ms8\ms8\index.php(12): CWebApplication->run()
REQUEST_URI=/ms8/ms8/
in D:\APMServ5.2.6\www\htdocs\ms8\ms8\protected\views\site\index.php (89)
in D:\APMServ5.2.6\www\htdocs\ms8\ms8\protected\controllers\SiteController.php (41)
in D:\APMServ5.2.6\www\htdocs\ms8\ms8\index.php (12)
2013/10/12 13:53:32 [error] [php] array_slice() expects parameter 1 to be array, null given (D:\APMServ5.2.6\www\htdocs\ms8\ms8\framework\web\CArrayDataProvider.php:92)
Stack trace:
#0 D:\APMServ5.2.6\www\htdocs\ms8\ms8\framework\zii\widgets\CBaseListView.php(107): CArrayDataProvider->getData()
#1 D:\APMServ5.2.6\www\htdocs\ms8\ms8\framework\zii\widgets\CListView.php(203): CListView->init()
#2 D:\APMServ5.2.6\www\htdocs\ms8\ms8\framework\web\CBaseController.php(147): CListView->init()
#3 D:\APMServ5.2.6\www\htdocs\ms8\ms8\framework\web\CBaseController.php(172): SiteController->createWidget()
#4 D:\APMServ5.2.6\www\htdocs\ms8\ms8\protected\views\site\index.php(89): SiteController->widget()
#5 D:\APMServ5.2.6\www\htdocs\ms8\ms8\framework\web\CBaseController.php(126): require()
#6 D:\APMServ5.2.6\www\htdocs\ms8\ms8\framework\web\CBaseController.php(95): SiteController->renderInternal()
#7 D:\APMServ5.2.6\www\htdocs\ms8\ms8\framework\web\CController.php(869): SiteController->renderFile()
#8 D:\APMServ5.2.6\www\htdocs\ms8\ms8\framework\web\CController.php(782): SiteController->renderPartial()
#9 D:\APMServ5.2.6\www\htdocs\ms8\ms8\protected\controllers\SiteController.php(41): SiteController->render()
#10 D:\APMServ5.2.6\www\htdocs\ms8\ms8\framework\web\actions\CInlineAction.php(49): SiteController->actionIndex()
#11 D:\APMServ5.2.6\www\htdocs\ms8\ms8\framework\web\CController.php(308): CInlineAction->runWithParams()
#12 D:\APMServ5.2.6\www\htdocs\ms8\ms8\framework\web\CController.php(286): SiteController->runAction()
#13 D:\APMServ5.2.6\www\htdocs\ms8\ms8\framework\web\CController.php(265): SiteController->runActionWithFilters()
#14 D:\APMServ5.2.6\www\htdocs\ms8\ms8\framework\web\CWebApplication.php(282): SiteController->run()
#15 D:\APMServ5.2.6\www\htdocs\ms8\ms8\framework\web\CWebApplication.php(141): CWebApplication->runController()
#16 D:\APMServ5.2.6\www\htdocs\ms8\ms8\framework\base\CApplication.php(169): CWebApplication->processRequest()
#17 D:\APMServ5.2.6\www\htdocs\ms8\ms8\index.php(12): CWebApplication->run()
REQUEST_URI=/ms8/ms8/
in D:\APMServ5.2.6\www\htdocs\ms8\ms8\protected\views\site\index.php (89)
in D:\APMServ5.2.6\www\htdocs\ms8\ms8\protected\controllers\SiteController.php (41)
in D:\APMServ5.2.6\www\htdocs\ms8\ms8\index.php (12)
2013/10/13 04:39:52 [error] [exception.CHttpException.404] exception 'CHttpException' with message '无法解析请求 "selfintroduction"。' in D:\APMServ5.2.6\www\htdocs\ms8\ms8\framework\web\CWebApplication.php:286
Stack trace:
#0 D:\APMServ5.2.6\www\htdocs\ms8\ms8\framework\web\CWebApplication.php(141): CWebApplication->runController('selfintroductio...')
#1 D:\APMServ5.2.6\www\htdocs\ms8\ms8\framework\base\CApplication.php(169): CWebApplication->processRequest()
#2 D:\APMServ5.2.6\www\htdocs\ms8\ms8\index.php(12): CApplication->run()
#3 {main}
REQUEST_URI=/ms8/ms8/index.php?r=selfintroduction
---
